生成启动时间为 2016/12/7 21:19:41。
     1>项目“D:\Microsoft Visual Studio 10.0\模板\HuffmanTreeCode\HuffmanTreeCode\HuffmanTreeCode.vcxproj”在节点 2 上(build 个目标)。
     1>InitializeBuildStatus:
         正在创建“Debug\HuffmanTreeCode.unsuccessfulbuild”，因为已指定“AlwaysCreate”。
       ClCompile:
         d:\Microsoft Visual Studio 10.0\VC\bin\CL.exe /c /ZI /nologo /W3 /WX- /Od /Oy- /D _MBCS /Gm /EHsc /RTC1 /MDd /GS /fp:precise /Zc:wchar_t /Zc:forScope /Fo"Debug\\" /Fd"Debug\vc100.pdb" /Gd /TP /analyze- /errorReport:prompt HuffmanTree.cpp
         HuffmanTree.cpp
     1>d:\microsoft visual studio 10.0\模板\huffmantreecode\huffmantreecode\huffmantree.cpp(4): warning C4101: “c”: 未引用的局部变量
       Link:
         d:\Microsoft Visual Studio 10.0\VC\bin\link.exe /ERRORREPORT:PROMPT /OUT:"D:\Microsoft Visual Studio 10.0\模板\HuffmanTreeCode\Debug\HuffmanTreeCode.exe" /NOLOGO kernel32.lib user32.lib gdi32.lib winspool.lib comdlg32.lib advapi32.lib shell32.lib ole32.lib oleaut32.lib uuid.lib odbc32.lib odbccp32.lib /MANIFEST /ManifestFile:"Debug\HuffmanTreeCode.exe.intermediate.manifest" /MANIFESTUAC:"level='asInvoker' uiAccess='false'" /DEBUG /PDB:"D:\Microsoft Visual Studio 10.0\模板\HuffmanTreeCode\Debug\HuffmanTreeCode.pdb" /TLBID:1 /DYNAMICBASE /NXCOMPAT /IMPLIB:"D:\Microsoft Visual Studio 10.0\模板\HuffmanTreeCode\Debug\HuffmanTreeCode.lib" /MACHINE:X86 Debug\HuffmanCoder.obj
         Debug\HuffmanTree.obj
         Debug\main.obj
         LINK : 没有找到 D:\Microsoft Visual Studio 10.0\模板\HuffmanTreeCode\Debug\HuffmanTreeCode.exe 或上一个增量链接没有生成它；正在执行完全链接
         HuffmanTreeCode.vcxproj -> D:\Microsoft Visual Studio 10.0\模板\HuffmanTreeCode\Debug\HuffmanTreeCode.exe
       Manifest:
         C:\Program Files (x86)\Microsoft SDKs\Windows\v7.0A\bin\mt.exe /nologo /verbose /outputresource:"D:\Microsoft Visual Studio 10.0\模板\HuffmanTreeCode\Debug\HuffmanTreeCode.exe;#1" /manifest Debug\HuffmanTreeCode.exe.intermediate.manifest
       FinalizeBuildStatus:
         正在删除文件“Debug\HuffmanTreeCode.unsuccessfulbuild”。
         正在对“Debug\HuffmanTreeCode.lastbuildstate”执行 Touch 任务。
     1>已完成生成项目“D:\Microsoft Visual Studio 10.0\模板\HuffmanTreeCode\HuffmanTreeCode\HuffmanTreeCode.vcxproj”(build 个目标)的操作。

生成成功。

已用时间 00:00:01.04
